  AI.cpp
C:\PROJECTS\VS Projects\School Related\SDEV24081_FP\TicTacToe\TicTacToe\Entity.h(2,10): fatal error C1083: Cannot open include file: 'SFML/Graphics/Texture.hpp': No such file or directory
  Clock.cpp
C:\PROJECTS\VS Projects\School Related\SDEV24081_FP\TicTacToe\TicTacToe\Clock.h(6,10): fatal error C1083: Cannot open include file: 'SFML/System/Clock.hpp': No such file or directory
  DeltaTime.cpp
C:\PROJECTS\VS Projects\School Related\SDEV24081_FP\TicTacToe\TicTacToe\Clock.h(6,10): fatal error C1083: Cannot open include file: 'SFML/System/Clock.hpp': No such file or directory
  Entity.cpp
C:\PROJECTS\VS Projects\School Related\SDEV24081_FP\TicTacToe\TicTacToe\Entity.h(2,10): fatal error C1083: Cannot open include file: 'SFML/Graphics/Texture.hpp': No such file or directory
  GameState.cpp
C:\PROJECTS\VS Projects\School Related\SDEV24081_FP\TicTacToe\TicTacToe\Window.h(4,10): fatal error C1083: Cannot open include file: 'SFML/Graphics/RenderWindow.hpp': No such file or directory
  InputManager.cpp
C:\PROJECTS\VS Projects\School Related\SDEV24081_FP\TicTacToe\TicTacToe\Entity.h(2,10): fatal error C1083: Cannot open include file: 'SFML/Graphics/Texture.hpp': No such file or directory
  main.cpp
  Sound.cpp
C:\PROJECTS\VS Projects\School Related\SDEV24081_FP\TicTacToe\TicTacToe\Sound.h(2,10): fatal error C1083: Cannot open include file: 'SFML/Audio.hpp': No such file or directory
  StateManager.cpp
  Window.cpp
C:\PROJECTS\VS Projects\School Related\SDEV24081_FP\TicTacToe\TicTacToe\Window.h(4,10): fatal error C1083: Cannot open include file: 'SFML/Graphics/RenderWindow.hpp': No such file or directory
  WindowParams.cpp
  Generating Code...
